ARM GAS  C:\Users\noryp\AppData\Local\Temp\ccvbQuxv.s 			page 1


   1              		.syntax unified
   2              		.cpu cortex-m3
   3              		.fpu softvfp
   4              		.eabi_attribute 20, 1
   5              		.eabi_attribute 21, 1
   6              		.eabi_attribute 23, 3
   7              		.eabi_attribute 24, 1
   8              		.eabi_attribute 25, 1
   9              		.eabi_attribute 26, 1
  10              		.eabi_attribute 30, 1
  11              		.eabi_attribute 34, 1
  12              		.eabi_attribute 18, 4
  13              		.thumb
  14              		.syntax unified
  15              		.file	"main.c"
  16              		.text
  17              	.Ltext0:
  18              		.cfi_sections	.debug_frame
  19              		.section	.text.UART_PutNumber,"ax",%progbits
  20              		.align	2
  21              		.global	UART_PutNumber
  22              		.thumb
  23              		.thumb_func
  24              		.type	UART_PutNumber, %function
  25              	UART_PutNumber:
  26              	.LFB64:
  27              		.file 1 "main.c"
   1:main.c        **** /* ========================================
   2:main.c        ****  *
   3:main.c        ****  * Copyright YOUR COMPANY, THE YEAR
   4:main.c        ****  * All Rights Reserved
   5:main.c        ****  * UNPUBLISHED, LICENSED SOFTWARE.
   6:main.c        ****  *
   7:main.c        ****  * CONFIDENTIAL AND PROPRIETARY INFORMATION
   8:main.c        ****  * WHICH IS THE PROPERTY OF your company.
   9:main.c        ****  *
  10:main.c        ****  * ========================================
  11:main.c        **** */
  12:main.c        **** /* ========================================
  13:main.c        ****  *
  14:main.c        ****  * Copyright YOUR COMPANY, THE YEAR
  15:main.c        ****  * All Rights Reserved
  16:main.c        ****  * UNPUBLISHED, LICENSED SOFTWARE.
  17:main.c        ****  *
  18:main.c        ****  * CONFIDENTIAL AND PROPRIETARY INFORMATION
  19:main.c        ****  * WHICH IS THE PROPERTY OF your company.
  20:main.c        ****  *
  21:main.c        ****  * ========================================
  22:main.c        **** */
  23:main.c        **** #include "project.h"
  24:main.c        **** #include <stdio.h>  // For sprintf function
  25:main.c        **** 
  26:main.c        **** #define SAMPLE_SIZE 50
  27:main.c        **** #define PWM_MAX 255
  28:main.c        **** 
  29:main.c        **** uint16 sens = 0;
  30:main.c        **** uint16 x = 0;
ARM GAS  C:\Users\noryp\AppData\Local\Temp\ccvbQuxv.s 			page 2


  31:main.c        **** uint16 total = 0;
  32:main.c        **** uint16 basis = 0;
  33:main.c        **** uint32 startTime;
  34:main.c        **** uint32 endTime;
  35:main.c        **** uint8 executeFlag = 1;
  36:main.c        **** 
  37:main.c        **** // Function to send a number over UART
  38:main.c        **** void UART_PutNumber(uint32 number) {
  28              		.loc 1 38 0
  29              		.cfi_startproc
  30              		@ args = 0, pretend = 0, frame = 16
  31              		@ frame_needed = 0, uses_anonymous_args = 0
  32              	.LVL0:
  33 0000 00B5     		push	{lr}
  34              		.cfi_def_cfa_offset 4
  35              		.cfi_offset 14, -4
  36 0002 85B0     		sub	sp, sp, #20
  37              		.cfi_def_cfa_offset 24
  39:main.c        ****     char buffer[12];  // Buffer to hold the string representation of the number
  40:main.c        ****     sprintf(buffer, "%lu", number);  // Convert number to string
  38              		.loc 1 40 0
  39 0004 0246     		mov	r2, r0
  40 0006 0549     		ldr	r1, .L3
  41 0008 01A8     		add	r0, sp, #4
  42              	.LVL1:
  43 000a FFF7FEFF 		bl	sprintf
  44              	.LVL2:
  41:main.c        ****     UART_PutString(buffer);  // Send the string over UART
  45              		.loc 1 41 0
  46 000e 01A8     		add	r0, sp, #4
  47 0010 FFF7FEFF 		bl	UART_PutString
  48              	.LVL3:
  42:main.c        **** }
  49              		.loc 1 42 0
  50 0014 05B0     		add	sp, sp, #20
  51              		.cfi_def_cfa_offset 4
  52              		@ sp needed
  53 0016 5DF804FB 		ldr	pc, [sp], #4
  54              	.L4:
  55 001a 00BF     		.align	2
  56              	.L3:
  57 001c 00000000 		.word	.LC0
  58              		.cfi_endproc
  59              	.LFE64:
  60              		.size	UART_PutNumber, .-UART_PutNumber
  61              		.section	.text.Calibration,"ax",%progbits
  62              		.align	2
  63              		.global	Calibration
  64              		.thumb
  65              		.thumb_func
  66              		.type	Calibration, %function
  67              	Calibration:
  68              	.LFB65:
  43:main.c        **** 
  44:main.c        **** // Function for calibration phase
  45:main.c        **** void Calibration(void) {
  69              		.loc 1 45 0
ARM GAS  C:\Users\noryp\AppData\Local\Temp\ccvbQuxv.s 			page 3


  70              		.cfi_startproc
  71              		@ args = 0, pretend = 0, frame = 0
  72              		@ frame_needed = 0, uses_anonymous_args = 0
  73 0000 10B5     		push	{r4, lr}
  74              		.cfi_def_cfa_offset 8
  75              		.cfi_offset 4, -8
  76              		.cfi_offset 14, -4
  77              	.LVL4:
  46:main.c        ****     uint16 i;
  47:main.c        ****     for (i = 0; i < SAMPLE_SIZE; i++) {
  78              		.loc 1 47 0
  79 0002 0024     		movs	r4, #0
  80 0004 11E0     		b	.L6
  81              	.LVL5:
  82              	.L7:
  48:main.c        ****         ADC_StartConvert();                             // Start ADC conversion
  83              		.loc 1 48 0 discriminator 3
  84 0006 FFF7FEFF 		bl	ADC_StartConvert
  85              	.LVL6:
  49:main.c        ****         ADC_IsEndConversion(ADC_RETURN_STATUS);         // Wait for conversion to finish
  86              		.loc 1 49 0 discriminator 3
  87 000a 0120     		movs	r0, #1
  88 000c FFF7FEFF 		bl	ADC_IsEndConversion
  89              	.LVL7:
  50:main.c        ****         sens = ADC_GetResult16();                       // Get ADC result
  90              		.loc 1 50 0 discriminator 3
  91 0010 FFF7FEFF 		bl	ADC_GetResult16
  92              	.LVL8:
  93 0014 80B2     		uxth	r0, r0
  94 0016 0E4B     		ldr	r3, .L9
  95 0018 1880     		strh	r0, [r3]	@ movhi
  51:main.c        ****         total += sens;
  96              		.loc 1 51 0 discriminator 3
  97 001a 5A88     		ldrh	r2, [r3, #2]
  98 001c 1044     		add	r0, r0, r2
  99 001e 5880     		strh	r0, [r3, #2]	@ movhi
  52:main.c        ****         CyDelay(10);                                    // Small delay between samples
 100              		.loc 1 52 0 discriminator 3
 101 0020 0A20     		movs	r0, #10
 102 0022 FFF7FEFF 		bl	CyDelay
 103              	.LVL9:
  47:main.c        ****         ADC_StartConvert();                             // Start ADC conversion
 104              		.loc 1 47 0 discriminator 3
 105 0026 0134     		adds	r4, r4, #1
 106              	.LVL10:
 107 0028 A4B2     		uxth	r4, r4
 108              	.LVL11:
 109              	.L6:
  47:main.c        ****         ADC_StartConvert();                             // Start ADC conversion
 110              		.loc 1 47 0 is_stmt 0 discriminator 1
 111 002a 312C     		cmp	r4, #49
 112 002c EBD9     		bls	.L7
  53:main.c        ****     }
  54:main.c        ****     sens = total / SAMPLE_SIZE;  // Calculate the average of the samples
 113              		.loc 1 54 0 is_stmt 1
 114 002e 084C     		ldr	r4, .L9
 115              	.LVL12:
ARM GAS  C:\Users\noryp\AppData\Local\Temp\ccvbQuxv.s 			page 4


 116 0030 6388     		ldrh	r3, [r4, #2]
 117 0032 084A     		ldr	r2, .L9+4
 118 0034 A2FB0323 		umull	r2, r3, r2, r3
 119 0038 1B09     		lsrs	r3, r3, #4
 120 003a 2380     		strh	r3, [r4]	@ movhi
  55:main.c        ****     total = 0;
 121              		.loc 1 55 0
 122 003c 0023     		movs	r3, #0
 123 003e 6380     		strh	r3, [r4, #2]	@ movhi
  56:main.c        ****     CyDelay(5000);               // Delay to allow the system to stabilize
 124              		.loc 1 56 0
 125 0040 41F28830 		movw	r0, #5000
 126 0044 FFF7FEFF 		bl	CyDelay
 127              	.LVL13:
  57:main.c        ****     basis = sens;                // Set the sensitivity threshold
 128              		.loc 1 57 0
 129 0048 2388     		ldrh	r3, [r4]
 130 004a A380     		strh	r3, [r4, #4]	@ movhi
 131 004c 10BD     		pop	{r4, pc}
 132              	.L10:
 133 004e 00BF     		.align	2
 134              	.L9:
 135 0050 00000000 		.word	.LANCHOR0
 136 0054 1F85EB51 		.word	1374389535
 137              		.cfi_endproc
 138              	.LFE65:
 139              		.size	Calibration, .-Calibration
 140              		.section	.text.main,"ax",%progbits
 141              		.align	2
 142              		.global	main
 143              		.thumb
 144              		.thumb_func
 145              		.type	main, %function
 146              	main:
 147              	.LFB66:
  58:main.c        **** }
  59:main.c        **** 
  60:main.c        **** int main(void) {
 148              		.loc 1 60 0
 149              		.cfi_startproc
 150              		@ args = 0, pretend = 0, frame = 0
 151              		@ frame_needed = 0, uses_anonymous_args = 0
 152 0000 70B5     		push	{r4, r5, r6, lr}
 153              		.cfi_def_cfa_offset 16
 154              		.cfi_offset 4, -16
 155              		.cfi_offset 5, -12
 156              		.cfi_offset 6, -8
 157              		.cfi_offset 14, -4
  61:main.c        ****     CyGlobalIntEnable;  // Enable global interrupts
 158              		.loc 1 61 0
 159              		.syntax unified
 160              	@ 61 "main.c" 1
 161 0002 62B6     		CPSIE   i
 162              	@ 0 "" 2
  62:main.c        **** 
  63:main.c        ****     PWM_Start();    // Start PWM component
 163              		.loc 1 63 0
ARM GAS  C:\Users\noryp\AppData\Local\Temp\ccvbQuxv.s 			page 5


 164              		.thumb
 165              		.syntax unified
 166 0004 FFF7FEFF 		bl	PWM_Start
 167              	.LVL14:
  64:main.c        ****     ADC_Start();    // Start ADC component
 168              		.loc 1 64 0
 169 0008 FFF7FEFF 		bl	ADC_Start
 170              	.LVL15:
  65:main.c        ****     Timer_Start();  // Start Timer component
 171              		.loc 1 65 0
 172 000c FFF7FEFF 		bl	Timer_Start
 173              	.LVL16:
  66:main.c        **** 
  67:main.c        ****     detectingLED_Write(0); // Initialise detectingLED to low
 174              		.loc 1 67 0
 175 0010 0020     		movs	r0, #0
 176 0012 FFF7FEFF 		bl	detectingLED_Write
 177              	.LVL17:
  68:main.c        ****     FlagPin_Write(0);      // Initialise FlagPin to low
 178              		.loc 1 68 0
 179 0016 0020     		movs	r0, #0
 180 0018 FFF7FEFF 		bl	FlagPin_Write
 181              	.LVL18:
  69:main.c        **** 
  70:main.c        ****     UART_Start();   // Start UART for debugging
 182              		.loc 1 70 0
 183 001c FFF7FEFF 		bl	UART_Start
 184              	.LVL19:
  71:main.c        **** 
  72:main.c        ****     Calibration();  // Run calibration
 185              		.loc 1 72 0
 186 0020 FFF7FEFF 		bl	Calibration
 187              	.LVL20:
  73:main.c        **** 
  74:main.c        ****     UART_PutString("PWM, Measured Intensity(");
 188              		.loc 1 74 0
 189 0024 3A48     		ldr	r0, .L21
 190 0026 FFF7FEFF 		bl	UART_PutString
 191              	.LVL21:
  75:main.c        ****     UART_PutNumber(basis);
 192              		.loc 1 75 0
 193 002a 3A4B     		ldr	r3, .L21+4
 194 002c 9888     		ldrh	r0, [r3, #4]
 195 002e FFF7FEFF 		bl	UART_PutNumber
 196              	.LVL22:
  76:main.c        ****     UART_PutString("), Response Time\r\n");
 197              		.loc 1 76 0
 198 0032 3948     		ldr	r0, .L21+8
 199 0034 FFF7FEFF 		bl	UART_PutString
 200              	.LVL23:
 201 0038 65E0     		b	.L12
 202              	.LVL24:
 203              	.L16:
 204              	.LBB2:
 205              	.LBB3:
  77:main.c        **** 
  78:main.c        ****     while (1) {
ARM GAS  C:\Users\noryp\AppData\Local\Temp\ccvbQuxv.s 			page 6


  79:main.c        ****         uint16 ii = 0;
  80:main.c        **** 
  81:main.c        ****         while (executeFlag) {
  82:main.c        ****             for (ii = 0; ii < PWM_MAX; ii++) {
  83:main.c        ****                 PWM_WriteCompare1(ii);  // Set PWM duty cycle for emittingLED
 206              		.loc 1 83 0
 207 003a E8B2     		uxtb	r0, r5
 208 003c FFF7FEFF 		bl	PWM_WriteCompare1
 209              	.LVL25:
  84:main.c        **** 
  85:main.c        ****                 total = 0;
 210              		.loc 1 85 0
 211 0040 344B     		ldr	r3, .L21+4
 212 0042 0022     		movs	r2, #0
 213 0044 5A80     		strh	r2, [r3, #2]	@ movhi
  86:main.c        ****                 for (x = 0; x < SAMPLE_SIZE; x++) {
 214              		.loc 1 86 0
 215 0046 DA80     		strh	r2, [r3, #6]	@ movhi
 216 0048 12E0     		b	.L13
 217              	.L14:
  87:main.c        ****                     ADC_StartConvert();
 218              		.loc 1 87 0 discriminator 3
 219 004a FFF7FEFF 		bl	ADC_StartConvert
 220              	.LVL26:
  88:main.c        ****                     ADC_IsEndConversion(ADC_RETURN_STATUS);
 221              		.loc 1 88 0 discriminator 3
 222 004e 0120     		movs	r0, #1
 223 0050 FFF7FEFF 		bl	ADC_IsEndConversion
 224              	.LVL27:
  89:main.c        ****                     sens = ADC_GetResult16();
 225              		.loc 1 89 0 discriminator 3
 226 0054 FFF7FEFF 		bl	ADC_GetResult16
 227              	.LVL28:
 228 0058 80B2     		uxth	r0, r0
 229 005a 2E4C     		ldr	r4, .L21+4
 230 005c 2080     		strh	r0, [r4]	@ movhi
  90:main.c        ****                     total += sens;
 231              		.loc 1 90 0 discriminator 3
 232 005e 6388     		ldrh	r3, [r4, #2]
 233 0060 1844     		add	r0, r0, r3
 234 0062 6080     		strh	r0, [r4, #2]	@ movhi
  91:main.c        ****                     CyDelay(10);
 235              		.loc 1 91 0 discriminator 3
 236 0064 0A20     		movs	r0, #10
 237 0066 FFF7FEFF 		bl	CyDelay
 238              	.LVL29:
  86:main.c        ****                     ADC_StartConvert();
 239              		.loc 1 86 0 discriminator 3
 240 006a E388     		ldrh	r3, [r4, #6]
 241 006c 0133     		adds	r3, r3, #1
 242 006e E380     		strh	r3, [r4, #6]	@ movhi
 243              	.L13:
  86:main.c        ****                     ADC_StartConvert();
 244              		.loc 1 86 0 is_stmt 0 discriminator 1
 245 0070 284B     		ldr	r3, .L21+4
 246 0072 DB88     		ldrh	r3, [r3, #6]
 247 0074 312B     		cmp	r3, #49
ARM GAS  C:\Users\noryp\AppData\Local\Temp\ccvbQuxv.s 			page 7


 248 0076 E8D9     		bls	.L14
  92:main.c        ****                 }
  93:main.c        ****                 sens = total / SAMPLE_SIZE;  // Average sensor value
 249              		.loc 1 93 0 is_stmt 1
 250 0078 264A     		ldr	r2, .L21+4
 251 007a 5388     		ldrh	r3, [r2, #2]
 252 007c 2749     		ldr	r1, .L21+12
 253 007e A1FB0313 		umull	r1, r3, r1, r3
 254 0082 1B09     		lsrs	r3, r3, #4
 255 0084 1380     		strh	r3, [r2]	@ movhi
  94:main.c        **** 
  95:main.c        ****                 StartTimePin_Write(1);        // Set the start time pin high 
 256              		.loc 1 95 0
 257 0086 0120     		movs	r0, #1
 258 0088 FFF7FEFF 		bl	StartTimePin_Write
 259              	.LVL30:
  96:main.c        ****                 startTime = Timer_ReadCounter(); // Record start time
 260              		.loc 1 96 0
 261 008c FFF7FEFF 		bl	Timer_ReadCounter
 262              	.LVL31:
 263 0090 234B     		ldr	r3, .L21+16
 264 0092 1860     		str	r0, [r3]
  97:main.c        ****                 FlagPin_Write(1);            // Set flag pin high
 265              		.loc 1 97 0
 266 0094 0120     		movs	r0, #1
 267 0096 FFF7FEFF 		bl	FlagPin_Write
 268              	.LVL32:
 269              	.L15:
  98:main.c        **** 
  99:main.c        ****                 // Wait until detectingLED reads 0
 100:main.c        ****                 while (detectingLED_Read() != 0);
 270              		.loc 1 100 0 discriminator 1
 271 009a FFF7FEFF 		bl	detectingLED_Read
 272              	.LVL33:
 273 009e 0028     		cmp	r0, #0
 274 00a0 FBD1     		bne	.L15
 101:main.c        **** 
 102:main.c        ****                 FlagPin_Write(0);              // Set flag pin low
 275              		.loc 1 102 0 discriminator 2
 276 00a2 FFF7FEFF 		bl	FlagPin_Write
 277              	.LVL34:
 103:main.c        ****                 endTime = Timer_ReadCounter(); // Record end time
 278              		.loc 1 103 0 discriminator 2
 279 00a6 FFF7FEFF 		bl	Timer_ReadCounter
 280              	.LVL35:
 281 00aa 1E4B     		ldr	r3, .L21+20
 282 00ac 1860     		str	r0, [r3]
 104:main.c        **** 
 105:main.c        ****                 uint32 responseTime = endTime - startTime; // Calculate response time
 283              		.loc 1 105 0 discriminator 2
 284 00ae 1C4B     		ldr	r3, .L21+16
 285 00b0 1C68     		ldr	r4, [r3]
 286 00b2 041B     		subs	r4, r0, r4
 287              	.LVL36:
 106:main.c        ****                 UART_PutString("Current Intensity: ");
 288              		.loc 1 106 0 discriminator 2
 289 00b4 1C48     		ldr	r0, .L21+24
ARM GAS  C:\Users\noryp\AppData\Local\Temp\ccvbQuxv.s 			page 8


 290 00b6 FFF7FEFF 		bl	UART_PutString
 291              	.LVL37:
 107:main.c        ****                 UART_PutNumber(ii);  // Print the current intensity
 292              		.loc 1 107 0 discriminator 2
 293 00ba 2846     		mov	r0, r5
 294 00bc FFF7FEFF 		bl	UART_PutNumber
 295              	.LVL38:
 108:main.c        ****                 UART_PutString(", ");
 296              		.loc 1 108 0 discriminator 2
 297 00c0 1A4E     		ldr	r6, .L21+28
 298 00c2 3046     		mov	r0, r6
 299 00c4 FFF7FEFF 		bl	UART_PutString
 300              	.LVL39:
 109:main.c        ****                 UART_PutString("Sensing Intensity: ");
 301              		.loc 1 109 0 discriminator 2
 302 00c8 1948     		ldr	r0, .L21+32
 303 00ca FFF7FEFF 		bl	UART_PutString
 304              	.LVL40:
 110:main.c        ****                 UART_PutNumber(sens);
 305              		.loc 1 110 0 discriminator 2
 306 00ce 114B     		ldr	r3, .L21+4
 307 00d0 1888     		ldrh	r0, [r3]
 308 00d2 FFF7FEFF 		bl	UART_PutNumber
 309              	.LVL41:
 111:main.c        ****                 UART_PutString(", ");
 310              		.loc 1 111 0 discriminator 2
 311 00d6 3046     		mov	r0, r6
 312 00d8 FFF7FEFF 		bl	UART_PutString
 313              	.LVL42:
 112:main.c        ****                 UART_PutString("Response Time: ");
 314              		.loc 1 112 0 discriminator 2
 315 00dc 1548     		ldr	r0, .L21+36
 316 00de FFF7FEFF 		bl	UART_PutString
 317              	.LVL43:
 113:main.c        ****                 UART_PutNumber(responseTime);
 318              		.loc 1 113 0 discriminator 2
 319 00e2 2046     		mov	r0, r4
 320 00e4 FFF7FEFF 		bl	UART_PutNumber
 321              	.LVL44:
 114:main.c        ****                 UART_PutString("\r\n");
 322              		.loc 1 114 0 discriminator 2
 323 00e8 1348     		ldr	r0, .L21+40
 324 00ea FFF7FEFF 		bl	UART_PutString
 325              	.LVL45:
 115:main.c        **** 
 116:main.c        ****                 CyDelay(10);  // Small delay
 326              		.loc 1 116 0 discriminator 2
 327 00ee 0A20     		movs	r0, #10
 328 00f0 FFF7FEFF 		bl	CyDelay
 329              	.LVL46:
 330              	.LBE3:
  82:main.c        ****                 PWM_WriteCompare1(ii);  // Set PWM duty cycle for emittingLED
 331              		.loc 1 82 0 discriminator 2
 332 00f4 0135     		adds	r5, r5, #1
 333              	.LVL47:
 334 00f6 ADB2     		uxth	r5, r5
 335              	.LVL48:
ARM GAS  C:\Users\noryp\AppData\Local\Temp\ccvbQuxv.s 			page 9


 336 00f8 00E0     		b	.L17
 337              	.LVL49:
 338              	.L19:
 339 00fa 0025     		movs	r5, #0
 340              	.L17:
 341              	.LVL50:
  82:main.c        ****                 PWM_WriteCompare1(ii);  // Set PWM duty cycle for emittingLED
 342              		.loc 1 82 0 is_stmt 0 discriminator 1
 343 00fc FE2D     		cmp	r5, #254
 344 00fe 9CD9     		bls	.L16
 117:main.c        ****             }
 118:main.c        ****             executeFlag = 0;  // Stop execution after one run
 345              		.loc 1 118 0 is_stmt 1
 346 0100 0022     		movs	r2, #0
 347 0102 0E4B     		ldr	r3, .L21+44
 348 0104 1A70     		strb	r2, [r3]
 349              	.LVL51:
 350              	.L12:
  81:main.c        ****             for (ii = 0; ii < PWM_MAX; ii++) {
 351              		.loc 1 81 0
 352 0106 0D4B     		ldr	r3, .L21+44
 353 0108 1B78     		ldrb	r3, [r3]	@ zero_extendqisi2
 354 010a 002B     		cmp	r3, #0
 355 010c F5D1     		bne	.L19
 356 010e FAE7     		b	.L12
 357              	.L22:
 358              		.align	2
 359              	.L21:
 360 0110 04000000 		.word	.LC1
 361 0114 00000000 		.word	.LANCHOR0
 362 0118 20000000 		.word	.LC2
 363 011c 1F85EB51 		.word	1374389535
 364 0120 00000000 		.word	startTime
 365 0124 00000000 		.word	endTime
 366 0128 34000000 		.word	.LC3
 367 012c 48000000 		.word	.LC4
 368 0130 4C000000 		.word	.LC5
 369 0134 60000000 		.word	.LC6
 370 0138 70000000 		.word	.LC7
 371 013c 00000000 		.word	.LANCHOR1
 372              	.LBE2:
 373              		.cfi_endproc
 374              	.LFE66:
 375              		.size	main, .-main
 376              		.global	executeFlag
 377              		.comm	endTime,4,4
 378              		.comm	startTime,4,4
 379              		.global	basis
 380              		.global	total
 381              		.global	x
 382              		.global	sens
 383              		.data
 384              		.set	.LANCHOR1,. + 0
 385              		.type	executeFlag, %object
 386              		.size	executeFlag, 1
 387              	executeFlag:
 388 0000 01       		.byte	1
ARM GAS  C:\Users\noryp\AppData\Local\Temp\ccvbQuxv.s 			page 10


 389              		.section	.rodata.str1.4,"aMS",%progbits,1
 390              		.align	2
 391              	.LC0:
 392 0000 256C7500 		.ascii	"%lu\000"
 393              	.LC1:
 394 0004 50574D2C 		.ascii	"PWM, Measured Intensity(\000"
 394      204D6561 
 394      73757265 
 394      6420496E 
 394      74656E73 
 395 001d 000000   		.space	3
 396              	.LC2:
 397 0020 292C2052 		.ascii	"), Response Time\015\012\000"
 397      6573706F 
 397      6E736520 
 397      54696D65 
 397      0D0A00
 398 0033 00       		.space	1
 399              	.LC3:
 400 0034 43757272 		.ascii	"Current Intensity: \000"
 400      656E7420 
 400      496E7465 
 400      6E736974 
 400      793A2000 
 401              	.LC4:
 402 0048 2C2000   		.ascii	", \000"
 403 004b 00       		.space	1
 404              	.LC5:
 405 004c 53656E73 		.ascii	"Sensing Intensity: \000"
 405      696E6720 
 405      496E7465 
 405      6E736974 
 405      793A2000 
 406              	.LC6:
 407 0060 52657370 		.ascii	"Response Time: \000"
 407      6F6E7365 
 407      2054696D 
 407      653A2000 
 408              	.LC7:
 409 0070 0D0A00   		.ascii	"\015\012\000"
 410              		.bss
 411              		.align	1
 412              		.set	.LANCHOR0,. + 0
 413              		.type	sens, %object
 414              		.size	sens, 2
 415              	sens:
 416 0000 0000     		.space	2
 417              		.type	total, %object
 418              		.size	total, 2
 419              	total:
 420 0002 0000     		.space	2
 421              		.type	basis, %object
 422              		.size	basis, 2
 423              	basis:
 424 0004 0000     		.space	2
 425              		.type	x, %object
 426              		.size	x, 2
ARM GAS  C:\Users\noryp\AppData\Local\Temp\ccvbQuxv.s 			page 11


 427              	x:
 428 0006 0000     		.space	2
 429              		.text
 430              	.Letext0:
 431              		.file 2 "c:\\program files (x86)\\cypress\\psoc creator\\4.4\\psoc creator\\import\\gnu\\arm\\5.4.
 432              		.file 3 "c:\\program files (x86)\\cypress\\psoc creator\\4.4\\psoc creator\\import\\gnu\\arm\\5.4.
 433              		.file 4 "Generated_Source\\PSoC5/cytypes.h"
 434              		.file 5 "Generated_Source\\PSoC5/core_cm3.h"
 435              		.file 6 "c:\\program files (x86)\\cypress\\psoc creator\\4.4\\psoc creator\\import\\gnu\\arm\\5.4.
 436              		.file 7 "Generated_Source\\PSoC5/UART.h"
 437              		.file 8 "Generated_Source\\PSoC5/ADC.h"
 438              		.file 9 "Generated_Source\\PSoC5/CyLib.h"
 439              		.file 10 "Generated_Source\\PSoC5/PWM.h"
 440              		.file 11 "Generated_Source\\PSoC5/StartTimePin.h"
 441              		.file 12 "Generated_Source\\PSoC5/Timer.h"
 442              		.file 13 "Generated_Source\\PSoC5/FlagPin.h"
 443              		.file 14 "Generated_Source\\PSoC5/detectingLED.h"
 444              		.section	.debug_info,"",%progbits
 445              	.Ldebug_info0:
 446 0000 0D050000 		.4byte	0x50d
 447 0004 0400     		.2byte	0x4
 448 0006 00000000 		.4byte	.Ldebug_abbrev0
 449 000a 04       		.byte	0x4
 450 000b 01       		.uleb128 0x1
 451 000c 82000000 		.4byte	.LASF46
 452 0010 0C       		.byte	0xc
 453 0011 9B020000 		.4byte	.LASF47
 454 0015 F5010000 		.4byte	.LASF48
 455 0019 00000000 		.4byte	.Ldebug_ranges0+0
 456 001d 00000000 		.4byte	0
 457 0021 00000000 		.4byte	.Ldebug_line0
 458 0025 02       		.uleb128 0x2
 459 0026 01       		.byte	0x1
 460 0027 06       		.byte	0x6
 461 0028 EA020000 		.4byte	.LASF0
 462 002c 02       		.uleb128 0x2
 463 002d 01       		.byte	0x1
 464 002e 08       		.byte	0x8
 465 002f 74000000 		.4byte	.LASF1
 466 0033 02       		.uleb128 0x2
 467 0034 02       		.byte	0x2
 468 0035 05       		.byte	0x5
 469 0036 A7020000 		.4byte	.LASF2
 470 003a 02       		.uleb128 0x2
 471 003b 02       		.byte	0x2
 472 003c 07       		.byte	0x7
 473 003d 8D010000 		.4byte	.LASF3
 474 0041 03       		.uleb128 0x3
 475 0042 00000000 		.4byte	.LASF9
 476 0046 02       		.byte	0x2
 477 0047 3F       		.byte	0x3f
 478 0048 4C000000 		.4byte	0x4c
 479 004c 02       		.uleb128 0x2
 480 004d 04       		.byte	0x4
 481 004e 05       		.byte	0x5
 482 004f 4E020000 		.4byte	.LASF4
 483 0053 02       		.uleb128 0x2
ARM GAS  C:\Users\noryp\AppData\Local\Temp\ccvbQuxv.s 			page 12


 484 0054 04       		.byte	0x4
 485 0055 07       		.byte	0x7
 486 0056 68010000 		.4byte	.LASF5
 487 005a 02       		.uleb128 0x2
 488 005b 08       		.byte	0x8
 489 005c 05       		.byte	0x5
 490 005d 8D020000 		.4byte	.LASF6
 491 0061 02       		.uleb128 0x2
 492 0062 08       		.byte	0x8
 493 0063 07       		.byte	0x7
 494 0064 CC010000 		.4byte	.LASF7
 495 0068 04       		.uleb128 0x4
 496 0069 04       		.byte	0x4
 497 006a 05       		.byte	0x5
 498 006b 696E7400 		.ascii	"int\000"
 499 006f 02       		.uleb128 0x2
 500 0070 04       		.byte	0x4
 501 0071 07       		.byte	0x7
 502 0072 BF010000 		.4byte	.LASF8
 503 0076 03       		.uleb128 0x3
 504 0077 6B020000 		.4byte	.LASF10
 505 007b 03       		.byte	0x3
 506 007c 2C       		.byte	0x2c
 507 007d 41000000 		.4byte	0x41
 508 0081 05       		.uleb128 0x5
 509 0082 30000000 		.4byte	.LASF11
 510 0086 04       		.byte	0x4
 511 0087 E901     		.2byte	0x1e9
 512 0089 2C000000 		.4byte	0x2c
 513 008d 05       		.uleb128 0x5
 514 008e A0010000 		.4byte	.LASF12
 515 0092 04       		.byte	0x4
 516 0093 EA01     		.2byte	0x1ea
 517 0095 3A000000 		.4byte	0x3a
 518 0099 05       		.uleb128 0x5
 519 009a A7010000 		.4byte	.LASF13
 520 009e 04       		.byte	0x4
 521 009f EB01     		.2byte	0x1eb
 522 00a1 53000000 		.4byte	0x53
 523 00a5 02       		.uleb128 0x2
 524 00a6 04       		.byte	0x4
 525 00a7 04       		.byte	0x4
 526 00a8 55000000 		.4byte	.LASF14
 527 00ac 02       		.uleb128 0x2
 528 00ad 08       		.byte	0x8
 529 00ae 04       		.byte	0x4
 530 00af 29000000 		.4byte	.LASF15
 531 00b3 02       		.uleb128 0x2
 532 00b4 01       		.byte	0x1
 533 00b5 08       		.byte	0x8
 534 00b6 A2020000 		.4byte	.LASF16
 535 00ba 02       		.uleb128 0x2
 536 00bb 08       		.byte	0x8
 537 00bc 04       		.byte	0x4
 538 00bd DE020000 		.4byte	.LASF17
 539 00c1 02       		.uleb128 0x2
 540 00c2 04       		.byte	0x4
ARM GAS  C:\Users\noryp\AppData\Local\Temp\ccvbQuxv.s 			page 13


 541 00c3 07       		.byte	0x7
 542 00c4 73020000 		.4byte	.LASF18
 543 00c8 06       		.uleb128 0x6
 544 00c9 46000000 		.4byte	.LASF19
 545 00cd 01       		.byte	0x1
 546 00ce 26       		.byte	0x26
 547 00cf 00000000 		.4byte	.LFB64
 548 00d3 20000000 		.4byte	.LFE64-.LFB64
 549 00d7 01       		.uleb128 0x1
 550 00d8 9C       		.byte	0x9c
 551 00d9 2F010000 		.4byte	0x12f
 552 00dd 07       		.uleb128 0x7
 553 00de 64020000 		.4byte	.LASF49
 554 00e2 01       		.byte	0x1
 555 00e3 26       		.byte	0x26
 556 00e4 99000000 		.4byte	0x99
 557 00e8 00000000 		.4byte	.LLST0
 558 00ec 08       		.uleb128 0x8
 559 00ed BB020000 		.4byte	.LASF21
 560 00f1 01       		.byte	0x1
 561 00f2 27       		.byte	0x27
 562 00f3 2F010000 		.4byte	0x12f
 563 00f7 02       		.uleb128 0x2
 564 00f8 91       		.byte	0x91
 565 00f9 6C       		.sleb128 -20
 566 00fa 09       		.uleb128 0x9
 567 00fb 0E000000 		.4byte	.LVL2
 568 00ff 60040000 		.4byte	0x460
 569 0103 1E010000 		.4byte	0x11e
 570 0107 0A       		.uleb128 0xa
 571 0108 01       		.uleb128 0x1
 572 0109 50       		.byte	0x50
 573 010a 02       		.uleb128 0x2
 574 010b 91       		.byte	0x91
 575 010c 6C       		.sleb128 -20
 576 010d 0A       		.uleb128 0xa
 577 010e 01       		.uleb128 0x1
 578 010f 51       		.byte	0x51
 579 0110 05       		.uleb128 0x5
 580 0111 03       		.byte	0x3
 581 0112 00000000 		.4byte	.LC0
 582 0116 0A       		.uleb128 0xa
 583 0117 01       		.uleb128 0x1
 584 0118 52       		.byte	0x52
 585 0119 03       		.uleb128 0x3
 586 011a F3       		.byte	0xf3
 587 011b 01       		.uleb128 0x1
 588 011c 50       		.byte	0x50
 589 011d 00       		.byte	0
 590 011e 0B       		.uleb128 0xb
 591 011f 14000000 		.4byte	.LVL3
 592 0123 6B040000 		.4byte	0x46b
 593 0127 0A       		.uleb128 0xa
 594 0128 01       		.uleb128 0x1
 595 0129 50       		.byte	0x50
 596 012a 02       		.uleb128 0x2
 597 012b 91       		.byte	0x91
ARM GAS  C:\Users\noryp\AppData\Local\Temp\ccvbQuxv.s 			page 14


 598 012c 6C       		.sleb128 -20
 599 012d 00       		.byte	0
 600 012e 00       		.byte	0
 601 012f 0C       		.uleb128 0xc
 602 0130 B3000000 		.4byte	0xb3
 603 0134 3F010000 		.4byte	0x13f
 604 0138 0D       		.uleb128 0xd
 605 0139 C1000000 		.4byte	0xc1
 606 013d 0B       		.byte	0xb
 607 013e 00       		.byte	0
 608 013f 06       		.uleb128 0x6
 609 0140 D2020000 		.4byte	.LASF20
 610 0144 01       		.byte	0x1
 611 0145 2D       		.byte	0x2d
 612 0146 00000000 		.4byte	.LFB65
 613 014a 58000000 		.4byte	.LFE65-.LFB65
 614 014e 01       		.uleb128 0x1
 615 014f 9C       		.byte	0x9c
 616 0150 AB010000 		.4byte	0x1ab
 617 0154 0E       		.uleb128 0xe
 618 0155 6900     		.ascii	"i\000"
 619 0157 01       		.byte	0x1
 620 0158 2E       		.byte	0x2e
 621 0159 8D000000 		.4byte	0x8d
 622 015d 2C000000 		.4byte	.LLST1
 623 0161 0F       		.uleb128 0xf
 624 0162 0A000000 		.4byte	.LVL6
 625 0166 76040000 		.4byte	0x476
 626 016a 09       		.uleb128 0x9
 627 016b 10000000 		.4byte	.LVL7
 628 016f 81040000 		.4byte	0x481
 629 0173 7D010000 		.4byte	0x17d
 630 0177 0A       		.uleb128 0xa
 631 0178 01       		.uleb128 0x1
 632 0179 50       		.byte	0x50
 633 017a 01       		.uleb128 0x1
 634 017b 31       		.byte	0x31
 635 017c 00       		.byte	0
 636 017d 0F       		.uleb128 0xf
 637 017e 14000000 		.4byte	.LVL8
 638 0182 8C040000 		.4byte	0x48c
 639 0186 09       		.uleb128 0x9
 640 0187 26000000 		.4byte	.LVL9
 641 018b 97040000 		.4byte	0x497
 642 018f 99010000 		.4byte	0x199
 643 0193 0A       		.uleb128 0xa
 644 0194 01       		.uleb128 0x1
 645 0195 50       		.byte	0x50
 646 0196 01       		.uleb128 0x1
 647 0197 3A       		.byte	0x3a
 648 0198 00       		.byte	0
 649 0199 0B       		.uleb128 0xb
 650 019a 48000000 		.4byte	.LVL13
 651 019e 97040000 		.4byte	0x497
 652 01a2 0A       		.uleb128 0xa
 653 01a3 01       		.uleb128 0x1
 654 01a4 50       		.byte	0x50
ARM GAS  C:\Users\noryp\AppData\Local\Temp\ccvbQuxv.s 			page 15


 655 01a5 03       		.uleb128 0x3
 656 01a6 0A       		.byte	0xa
 657 01a7 8813     		.2byte	0x1388
 658 01a9 00       		.byte	0
 659 01aa 00       		.byte	0
 660 01ab 10       		.uleb128 0x10
 661 01ac AE010000 		.4byte	.LASF50
 662 01b0 01       		.byte	0x1
 663 01b1 3C       		.byte	0x3c
 664 01b2 68000000 		.4byte	0x68
 665 01b6 00000000 		.4byte	.LFB66
 666 01ba 40010000 		.4byte	.LFE66-.LFB66
 667 01be 01       		.uleb128 0x1
 668 01bf 9C       		.byte	0x9c
 669 01c0 DA030000 		.4byte	0x3da
 670 01c4 11       		.uleb128 0x11
 671 01c5 3A000000 		.4byte	.LBB2
 672 01c9 06010000 		.4byte	.LBE2-.LBB2
 673 01cd 53030000 		.4byte	0x353
 674 01d1 0E       		.uleb128 0xe
 675 01d2 696900   		.ascii	"ii\000"
 676 01d5 01       		.byte	0x1
 677 01d6 4F       		.byte	0x4f
 678 01d7 8D000000 		.4byte	0x8d
 679 01db 56000000 		.4byte	.LLST2
 680 01df 12       		.uleb128 0x12
 681 01e0 3A000000 		.4byte	.LBB3
 682 01e4 BA000000 		.4byte	.LBE3-.LBB3
 683 01e8 13       		.uleb128 0x13
 684 01e9 1C000000 		.4byte	.LASF22
 685 01ed 01       		.byte	0x1
 686 01ee 69       		.byte	0x69
 687 01ef 99000000 		.4byte	0x99
 688 01f3 7F000000 		.4byte	.LLST3
 689 01f7 09       		.uleb128 0x9
 690 01f8 40000000 		.4byte	.LVL25
 691 01fc A2040000 		.4byte	0x4a2
 692 0200 0B020000 		.4byte	0x20b
 693 0204 0A       		.uleb128 0xa
 694 0205 01       		.uleb128 0x1
 695 0206 50       		.byte	0x50
 696 0207 02       		.uleb128 0x2
 697 0208 75       		.byte	0x75
 698 0209 00       		.sleb128 0
 699 020a 00       		.byte	0
 700 020b 0F       		.uleb128 0xf
 701 020c 4E000000 		.4byte	.LVL26
 702 0210 76040000 		.4byte	0x476
 703 0214 09       		.uleb128 0x9
 704 0215 54000000 		.4byte	.LVL27
 705 0219 81040000 		.4byte	0x481
 706 021d 27020000 		.4byte	0x227
 707 0221 0A       		.uleb128 0xa
 708 0222 01       		.uleb128 0x1
 709 0223 50       		.byte	0x50
 710 0224 01       		.uleb128 0x1
 711 0225 31       		.byte	0x31
ARM GAS  C:\Users\noryp\AppData\Local\Temp\ccvbQuxv.s 			page 16


 712 0226 00       		.byte	0
 713 0227 0F       		.uleb128 0xf
 714 0228 58000000 		.4byte	.LVL28
 715 022c 8C040000 		.4byte	0x48c
 716 0230 09       		.uleb128 0x9
 717 0231 6A000000 		.4byte	.LVL29
 718 0235 97040000 		.4byte	0x497
 719 0239 43020000 		.4byte	0x243
 720 023d 0A       		.uleb128 0xa
 721 023e 01       		.uleb128 0x1
 722 023f 50       		.byte	0x50
 723 0240 01       		.uleb128 0x1
 724 0241 3A       		.byte	0x3a
 725 0242 00       		.byte	0
 726 0243 09       		.uleb128 0x9
 727 0244 8C000000 		.4byte	.LVL30
 728 0248 AD040000 		.4byte	0x4ad
 729 024c 56020000 		.4byte	0x256
 730 0250 0A       		.uleb128 0xa
 731 0251 01       		.uleb128 0x1
 732 0252 50       		.byte	0x50
 733 0253 01       		.uleb128 0x1
 734 0254 31       		.byte	0x31
 735 0255 00       		.byte	0
 736 0256 0F       		.uleb128 0xf
 737 0257 90000000 		.4byte	.LVL31
 738 025b B8040000 		.4byte	0x4b8
 739 025f 09       		.uleb128 0x9
 740 0260 9A000000 		.4byte	.LVL32
 741 0264 C3040000 		.4byte	0x4c3
 742 0268 72020000 		.4byte	0x272
 743 026c 0A       		.uleb128 0xa
 744 026d 01       		.uleb128 0x1
 745 026e 50       		.byte	0x50
 746 026f 01       		.uleb128 0x1
 747 0270 31       		.byte	0x31
 748 0271 00       		.byte	0
 749 0272 0F       		.uleb128 0xf
 750 0273 9E000000 		.4byte	.LVL33
 751 0277 CE040000 		.4byte	0x4ce
 752 027b 0F       		.uleb128 0xf
 753 027c A6000000 		.4byte	.LVL34
 754 0280 C3040000 		.4byte	0x4c3
 755 0284 0F       		.uleb128 0xf
 756 0285 AA000000 		.4byte	.LVL35
 757 0289 B8040000 		.4byte	0x4b8
 758 028d 09       		.uleb128 0x9
 759 028e BA000000 		.4byte	.LVL37
 760 0292 6B040000 		.4byte	0x46b
 761 0296 A4020000 		.4byte	0x2a4
 762 029a 0A       		.uleb128 0xa
 763 029b 01       		.uleb128 0x1
 764 029c 50       		.byte	0x50
 765 029d 05       		.uleb128 0x5
 766 029e 03       		.byte	0x3
 767 029f 34000000 		.4byte	.LC3
 768 02a3 00       		.byte	0
ARM GAS  C:\Users\noryp\AppData\Local\Temp\ccvbQuxv.s 			page 17


 769 02a4 09       		.uleb128 0x9
 770 02a5 C0000000 		.4byte	.LVL38
 771 02a9 C8000000 		.4byte	0xc8
 772 02ad B8020000 		.4byte	0x2b8
 773 02b1 0A       		.uleb128 0xa
 774 02b2 01       		.uleb128 0x1
 775 02b3 50       		.byte	0x50
 776 02b4 02       		.uleb128 0x2
 777 02b5 75       		.byte	0x75
 778 02b6 00       		.sleb128 0
 779 02b7 00       		.byte	0
 780 02b8 09       		.uleb128 0x9
 781 02b9 C8000000 		.4byte	.LVL39
 782 02bd 6B040000 		.4byte	0x46b
 783 02c1 CC020000 		.4byte	0x2cc
 784 02c5 0A       		.uleb128 0xa
 785 02c6 01       		.uleb128 0x1
 786 02c7 50       		.byte	0x50
 787 02c8 02       		.uleb128 0x2
 788 02c9 76       		.byte	0x76
 789 02ca 00       		.sleb128 0
 790 02cb 00       		.byte	0
 791 02cc 09       		.uleb128 0x9
 792 02cd CE000000 		.4byte	.LVL40
 793 02d1 6B040000 		.4byte	0x46b
 794 02d5 E3020000 		.4byte	0x2e3
 795 02d9 0A       		.uleb128 0xa
 796 02da 01       		.uleb128 0x1
 797 02db 50       		.byte	0x50
 798 02dc 05       		.uleb128 0x5
 799 02dd 03       		.byte	0x3
 800 02de 4C000000 		.4byte	.LC5
 801 02e2 00       		.byte	0
 802 02e3 0F       		.uleb128 0xf
 803 02e4 D6000000 		.4byte	.LVL41
 804 02e8 C8000000 		.4byte	0xc8
 805 02ec 09       		.uleb128 0x9
 806 02ed DC000000 		.4byte	.LVL42
 807 02f1 6B040000 		.4byte	0x46b
 808 02f5 00030000 		.4byte	0x300
 809 02f9 0A       		.uleb128 0xa
 810 02fa 01       		.uleb128 0x1
 811 02fb 50       		.byte	0x50
 812 02fc 02       		.uleb128 0x2
 813 02fd 76       		.byte	0x76
 814 02fe 00       		.sleb128 0
 815 02ff 00       		.byte	0
 816 0300 09       		.uleb128 0x9
 817 0301 E2000000 		.4byte	.LVL43
 818 0305 6B040000 		.4byte	0x46b
 819 0309 17030000 		.4byte	0x317
 820 030d 0A       		.uleb128 0xa
 821 030e 01       		.uleb128 0x1
 822 030f 50       		.byte	0x50
 823 0310 05       		.uleb128 0x5
 824 0311 03       		.byte	0x3
 825 0312 60000000 		.4byte	.LC6
ARM GAS  C:\Users\noryp\AppData\Local\Temp\ccvbQuxv.s 			page 18


 826 0316 00       		.byte	0
 827 0317 09       		.uleb128 0x9
 828 0318 E8000000 		.4byte	.LVL44
 829 031c C8000000 		.4byte	0xc8
 830 0320 2B030000 		.4byte	0x32b
 831 0324 0A       		.uleb128 0xa
 832 0325 01       		.uleb128 0x1
 833 0326 50       		.byte	0x50
 834 0327 02       		.uleb128 0x2
 835 0328 74       		.byte	0x74
 836 0329 00       		.sleb128 0
 837 032a 00       		.byte	0
 838 032b 09       		.uleb128 0x9
 839 032c EE000000 		.4byte	.LVL45
 840 0330 6B040000 		.4byte	0x46b
 841 0334 42030000 		.4byte	0x342
 842 0338 0A       		.uleb128 0xa
 843 0339 01       		.uleb128 0x1
 844 033a 50       		.byte	0x50
 845 033b 05       		.uleb128 0x5
 846 033c 03       		.byte	0x3
 847 033d 70000000 		.4byte	.LC7
 848 0341 00       		.byte	0
 849 0342 0B       		.uleb128 0xb
 850 0343 F4000000 		.4byte	.LVL46
 851 0347 97040000 		.4byte	0x497
 852 034b 0A       		.uleb128 0xa
 853 034c 01       		.uleb128 0x1
 854 034d 50       		.byte	0x50
 855 034e 01       		.uleb128 0x1
 856 034f 3A       		.byte	0x3a
 857 0350 00       		.byte	0
 858 0351 00       		.byte	0
 859 0352 00       		.byte	0
 860 0353 0F       		.uleb128 0xf
 861 0354 08000000 		.4byte	.LVL14
 862 0358 D9040000 		.4byte	0x4d9
 863 035c 0F       		.uleb128 0xf
 864 035d 0C000000 		.4byte	.LVL15
 865 0361 E4040000 		.4byte	0x4e4
 866 0365 0F       		.uleb128 0xf
 867 0366 10000000 		.4byte	.LVL16
 868 036a EF040000 		.4byte	0x4ef
 869 036e 09       		.uleb128 0x9
 870 036f 16000000 		.4byte	.LVL17
 871 0373 FA040000 		.4byte	0x4fa
 872 0377 81030000 		.4byte	0x381
 873 037b 0A       		.uleb128 0xa
 874 037c 01       		.uleb128 0x1
 875 037d 50       		.byte	0x50
 876 037e 01       		.uleb128 0x1
 877 037f 30       		.byte	0x30
 878 0380 00       		.byte	0
 879 0381 09       		.uleb128 0x9
 880 0382 1C000000 		.4byte	.LVL18
 881 0386 C3040000 		.4byte	0x4c3
 882 038a 94030000 		.4byte	0x394
ARM GAS  C:\Users\noryp\AppData\Local\Temp\ccvbQuxv.s 			page 19


 883 038e 0A       		.uleb128 0xa
 884 038f 01       		.uleb128 0x1
 885 0390 50       		.byte	0x50
 886 0391 01       		.uleb128 0x1
 887 0392 30       		.byte	0x30
 888 0393 00       		.byte	0
 889 0394 0F       		.uleb128 0xf
 890 0395 20000000 		.4byte	.LVL19
 891 0399 05050000 		.4byte	0x505
 892 039d 0F       		.uleb128 0xf
 893 039e 24000000 		.4byte	.LVL20
 894 03a2 3F010000 		.4byte	0x13f
 895 03a6 09       		.uleb128 0x9
 896 03a7 2A000000 		.4byte	.LVL21
 897 03ab 6B040000 		.4byte	0x46b
 898 03af BD030000 		.4byte	0x3bd
 899 03b3 0A       		.uleb128 0xa
 900 03b4 01       		.uleb128 0x1
 901 03b5 50       		.byte	0x50
 902 03b6 05       		.uleb128 0x5
 903 03b7 03       		.byte	0x3
 904 03b8 04000000 		.4byte	.LC1
 905 03bc 00       		.byte	0
 906 03bd 0F       		.uleb128 0xf
 907 03be 32000000 		.4byte	.LVL22
 908 03c2 C8000000 		.4byte	0xc8
 909 03c6 0B       		.uleb128 0xb
 910 03c7 38000000 		.4byte	.LVL23
 911 03cb 6B040000 		.4byte	0x46b
 912 03cf 0A       		.uleb128 0xa
 913 03d0 01       		.uleb128 0x1
 914 03d1 50       		.byte	0x50
 915 03d2 05       		.uleb128 0x5
 916 03d3 03       		.byte	0x3
 917 03d4 20000000 		.4byte	.LC2
 918 03d8 00       		.byte	0
 919 03d9 00       		.byte	0
 920 03da 14       		.uleb128 0x14
 921 03db 57020000 		.4byte	.LASF23
 922 03df 05       		.byte	0x5
 923 03e0 1207     		.2byte	0x712
 924 03e2 E6030000 		.4byte	0x3e6
 925 03e6 15       		.uleb128 0x15
 926 03e7 76000000 		.4byte	0x76
 927 03eb 16       		.uleb128 0x16
 928 03ec 7C020000 		.4byte	.LASF24
 929 03f0 01       		.byte	0x1
 930 03f1 1D       		.byte	0x1d
 931 03f2 8D000000 		.4byte	0x8d
 932 03f6 05       		.uleb128 0x5
 933 03f7 03       		.byte	0x3
 934 03f8 00000000 		.4byte	sens
 935 03fc 17       		.uleb128 0x17
 936 03fd 7800     		.ascii	"x\000"
 937 03ff 01       		.byte	0x1
 938 0400 1E       		.byte	0x1e
 939 0401 8D000000 		.4byte	0x8d
ARM GAS  C:\Users\noryp\AppData\Local\Temp\ccvbQuxv.s 			page 20


 940 0405 05       		.uleb128 0x5
 941 0406 03       		.byte	0x3
 942 0407 00000000 		.4byte	x
 943 040b 16       		.uleb128 0x16
 944 040c CC020000 		.4byte	.LASF25
 945 0410 01       		.byte	0x1
 946 0411 1F       		.byte	0x1f
 947 0412 8D000000 		.4byte	0x8d
 948 0416 05       		.uleb128 0x5
 949 0417 03       		.byte	0x3
 950 0418 00000000 		.4byte	total
 951 041c 16       		.uleb128 0x16
 952 041d 6E000000 		.4byte	.LASF26
 953 0421 01       		.byte	0x1
 954 0422 20       		.byte	0x20
 955 0423 8D000000 		.4byte	0x8d
 956 0427 05       		.uleb128 0x5
 957 0428 03       		.byte	0x3
 958 0429 00000000 		.4byte	basis
 959 042d 16       		.uleb128 0x16
 960 042e B1020000 		.4byte	.LASF27
 961 0432 01       		.byte	0x1
 962 0433 21       		.byte	0x21
 963 0434 99000000 		.4byte	0x99
 964 0438 05       		.uleb128 0x5
 965 0439 03       		.byte	0x3
 966 043a 00000000 		.4byte	startTime
 967 043e 16       		.uleb128 0x16
 968 043f 35010000 		.4byte	.LASF28
 969 0443 01       		.byte	0x1
 970 0444 22       		.byte	0x22
 971 0445 99000000 		.4byte	0x99
 972 0449 05       		.uleb128 0x5
 973 044a 03       		.byte	0x3
 974 044b 00000000 		.4byte	endTime
 975 044f 16       		.uleb128 0x16
 976 0450 81020000 		.4byte	.LASF29
 977 0454 01       		.byte	0x1
 978 0455 23       		.byte	0x23
 979 0456 81000000 		.4byte	0x81
 980 045a 05       		.uleb128 0x5
 981 045b 03       		.byte	0x3
 982 045c 00000000 		.4byte	executeFlag
 983 0460 18       		.uleb128 0x18
 984 0461 05030000 		.4byte	.LASF30
 985 0465 05030000 		.4byte	.LASF30
 986 0469 06       		.byte	0x6
 987 046a E7       		.byte	0xe7
 988 046b 18       		.uleb128 0x18
 989 046c F6020000 		.4byte	.LASF31
 990 0470 F6020000 		.4byte	.LASF31
 991 0474 07       		.byte	0x7
 992 0475 8B       		.byte	0x8b
 993 0476 18       		.uleb128 0x18
 994 0477 10010000 		.4byte	.LASF32
 995 047b 10010000 		.4byte	.LASF32
 996 047f 08       		.byte	0x8
ARM GAS  C:\Users\noryp\AppData\Local\Temp\ccvbQuxv.s 			page 21


 997 0480 D1       		.byte	0xd1
 998 0481 18       		.uleb128 0x18
 999 0482 21010000 		.4byte	.LASF33
 1000 0486 21010000 		.4byte	.LASF33
 1001 048a 08       		.byte	0x8
 1002 048b 39       		.byte	0x39
 1003 048c 18       		.uleb128 0x18
 1004 048d 36000000 		.4byte	.LASF34
 1005 0491 36000000 		.4byte	.LASF34
 1006 0495 08       		.byte	0x8
 1007 0496 3B       		.byte	0x3b
 1008 0497 18       		.uleb128 0x18
 1009 0498 0D030000 		.4byte	.LASF35
 1010 049c 0D030000 		.4byte	.LASF35
 1011 04a0 09       		.byte	0x9
 1012 04a1 76       		.byte	0x76
 1013 04a2 18       		.uleb128 0x18
 1014 04a3 E3010000 		.4byte	.LASF36
 1015 04a7 E3010000 		.4byte	.LASF36
 1016 04ab 0A       		.byte	0xa
 1017 04ac C7       		.byte	0xc7
 1018 04ad 18       		.uleb128 0x18
 1019 04ae 5B000000 		.4byte	.LASF37
 1020 04b2 5B000000 		.4byte	.LASF37
 1021 04b6 0B       		.byte	0xb
 1022 04b7 26       		.byte	0x26
 1023 04b8 18       		.uleb128 0x18
 1024 04b9 0A000000 		.4byte	.LASF38
 1025 04bd 0A000000 		.4byte	.LASF38
 1026 04c1 0C       		.byte	0xc
 1027 04c2 69       		.byte	0x69
 1028 04c3 18       		.uleb128 0x18
 1029 04c4 48010000 		.4byte	.LASF39
 1030 04c8 48010000 		.4byte	.LASF39
 1031 04cc 0D       		.byte	0xd
 1032 04cd 26       		.byte	0x26
 1033 04ce 18       		.uleb128 0x18
 1034 04cf 56010000 		.4byte	.LASF40
 1035 04d3 56010000 		.4byte	.LASF40
 1036 04d7 0E       		.byte	0xe
 1037 04d8 29       		.byte	0x29
 1038 04d9 18       		.uleb128 0x18
 1039 04da C2020000 		.4byte	.LASF41
 1040 04de C2020000 		.4byte	.LASF41
 1041 04e2 0A       		.byte	0xa
 1042 04e3 92       		.byte	0x92
 1043 04e4 18       		.uleb128 0x18
 1044 04e5 44020000 		.4byte	.LASF42
 1045 04e9 44020000 		.4byte	.LASF42
 1046 04ed 08       		.byte	0x8
 1047 04ee 34       		.byte	0x34
 1048 04ef 18       		.uleb128 0x18
 1049 04f0 B3010000 		.4byte	.LASF43
 1050 04f4 B3010000 		.4byte	.LASF43
 1051 04f8 0C       		.byte	0xc
 1052 04f9 5A       		.byte	0x5a
 1053 04fa 18       		.uleb128 0x18
ARM GAS  C:\Users\noryp\AppData\Local\Temp\ccvbQuxv.s 			page 22


 1054 04fb 7A010000 		.4byte	.LASF44
 1055 04ff 7A010000 		.4byte	.LASF44
 1056 0503 0E       		.byte	0xe
 1057 0504 26       		.byte	0x26
 1058 0505 18       		.uleb128 0x18
 1059 0506 3D010000 		.4byte	.LASF45
 1060 050a 3D010000 		.4byte	.LASF45
 1061 050e 07       		.byte	0x7
 1062 050f 54       		.byte	0x54
 1063 0510 00       		.byte	0
 1064              		.section	.debug_abbrev,"",%progbits
 1065              	.Ldebug_abbrev0:
 1066 0000 01       		.uleb128 0x1
 1067 0001 11       		.uleb128 0x11
 1068 0002 01       		.byte	0x1
 1069 0003 25       		.uleb128 0x25
 1070 0004 0E       		.uleb128 0xe
 1071 0005 13       		.uleb128 0x13
 1072 0006 0B       		.uleb128 0xb
 1073 0007 03       		.uleb128 0x3
 1074 0008 0E       		.uleb128 0xe
 1075 0009 1B       		.uleb128 0x1b
 1076 000a 0E       		.uleb128 0xe
 1077 000b 55       		.uleb128 0x55
 1078 000c 17       		.uleb128 0x17
 1079 000d 11       		.uleb128 0x11
 1080 000e 01       		.uleb128 0x1
 1081 000f 10       		.uleb128 0x10
 1082 0010 17       		.uleb128 0x17
 1083 0011 00       		.byte	0
 1084 0012 00       		.byte	0
 1085 0013 02       		.uleb128 0x2
 1086 0014 24       		.uleb128 0x24
 1087 0015 00       		.byte	0
 1088 0016 0B       		.uleb128 0xb
 1089 0017 0B       		.uleb128 0xb
 1090 0018 3E       		.uleb128 0x3e
 1091 0019 0B       		.uleb128 0xb
 1092 001a 03       		.uleb128 0x3
 1093 001b 0E       		.uleb128 0xe
 1094 001c 00       		.byte	0
 1095 001d 00       		.byte	0
 1096 001e 03       		.uleb128 0x3
 1097 001f 16       		.uleb128 0x16
 1098 0020 00       		.byte	0
 1099 0021 03       		.uleb128 0x3
 1100 0022 0E       		.uleb128 0xe
 1101 0023 3A       		.uleb128 0x3a
 1102 0024 0B       		.uleb128 0xb
 1103 0025 3B       		.uleb128 0x3b
 1104 0026 0B       		.uleb128 0xb
 1105 0027 49       		.uleb128 0x49
 1106 0028 13       		.uleb128 0x13
 1107 0029 00       		.byte	0
 1108 002a 00       		.byte	0
 1109 002b 04       		.uleb128 0x4
 1110 002c 24       		.uleb128 0x24
ARM GAS  C:\Users\noryp\AppData\Local\Temp\ccvbQuxv.s 			page 23


 1111 002d 00       		.byte	0
 1112 002e 0B       		.uleb128 0xb
 1113 002f 0B       		.uleb128 0xb
 1114 0030 3E       		.uleb128 0x3e
 1115 0031 0B       		.uleb128 0xb
 1116 0032 03       		.uleb128 0x3
 1117 0033 08       		.uleb128 0x8
 1118 0034 00       		.byte	0
 1119 0035 00       		.byte	0
 1120 0036 05       		.uleb128 0x5
 1121 0037 16       		.uleb128 0x16
 1122 0038 00       		.byte	0
 1123 0039 03       		.uleb128 0x3
 1124 003a 0E       		.uleb128 0xe
 1125 003b 3A       		.uleb128 0x3a
 1126 003c 0B       		.uleb128 0xb
 1127 003d 3B       		.uleb128 0x3b
 1128 003e 05       		.uleb128 0x5
 1129 003f 49       		.uleb128 0x49
 1130 0040 13       		.uleb128 0x13
 1131 0041 00       		.byte	0
 1132 0042 00       		.byte	0
 1133 0043 06       		.uleb128 0x6
 1134 0044 2E       		.uleb128 0x2e
 1135 0045 01       		.byte	0x1
 1136 0046 3F       		.uleb128 0x3f
 1137 0047 19       		.uleb128 0x19
 1138 0048 03       		.uleb128 0x3
 1139 0049 0E       		.uleb128 0xe
 1140 004a 3A       		.uleb128 0x3a
 1141 004b 0B       		.uleb128 0xb
 1142 004c 3B       		.uleb128 0x3b
 1143 004d 0B       		.uleb128 0xb
 1144 004e 27       		.uleb128 0x27
 1145 004f 19       		.uleb128 0x19
 1146 0050 11       		.uleb128 0x11
 1147 0051 01       		.uleb128 0x1
 1148 0052 12       		.uleb128 0x12
 1149 0053 06       		.uleb128 0x6
 1150 0054 40       		.uleb128 0x40
 1151 0055 18       		.uleb128 0x18
 1152 0056 9742     		.uleb128 0x2117
 1153 0058 19       		.uleb128 0x19
 1154 0059 01       		.uleb128 0x1
 1155 005a 13       		.uleb128 0x13
 1156 005b 00       		.byte	0
 1157 005c 00       		.byte	0
 1158 005d 07       		.uleb128 0x7
 1159 005e 05       		.uleb128 0x5
 1160 005f 00       		.byte	0
 1161 0060 03       		.uleb128 0x3
 1162 0061 0E       		.uleb128 0xe
 1163 0062 3A       		.uleb128 0x3a
 1164 0063 0B       		.uleb128 0xb
 1165 0064 3B       		.uleb128 0x3b
 1166 0065 0B       		.uleb128 0xb
 1167 0066 49       		.uleb128 0x49
ARM GAS  C:\Users\noryp\AppData\Local\Temp\ccvbQuxv.s 			page 24


 1168 0067 13       		.uleb128 0x13
 1169 0068 02       		.uleb128 0x2
 1170 0069 17       		.uleb128 0x17
 1171 006a 00       		.byte	0
 1172 006b 00       		.byte	0
 1173 006c 08       		.uleb128 0x8
 1174 006d 34       		.uleb128 0x34
 1175 006e 00       		.byte	0
 1176 006f 03       		.uleb128 0x3
 1177 0070 0E       		.uleb128 0xe
 1178 0071 3A       		.uleb128 0x3a
 1179 0072 0B       		.uleb128 0xb
 1180 0073 3B       		.uleb128 0x3b
 1181 0074 0B       		.uleb128 0xb
 1182 0075 49       		.uleb128 0x49
 1183 0076 13       		.uleb128 0x13
 1184 0077 02       		.uleb128 0x2
 1185 0078 18       		.uleb128 0x18
 1186 0079 00       		.byte	0
 1187 007a 00       		.byte	0
 1188 007b 09       		.uleb128 0x9
 1189 007c 898201   		.uleb128 0x4109
 1190 007f 01       		.byte	0x1
 1191 0080 11       		.uleb128 0x11
 1192 0081 01       		.uleb128 0x1
 1193 0082 31       		.uleb128 0x31
 1194 0083 13       		.uleb128 0x13
 1195 0084 01       		.uleb128 0x1
 1196 0085 13       		.uleb128 0x13
 1197 0086 00       		.byte	0
 1198 0087 00       		.byte	0
 1199 0088 0A       		.uleb128 0xa
 1200 0089 8A8201   		.uleb128 0x410a
 1201 008c 00       		.byte	0
 1202 008d 02       		.uleb128 0x2
 1203 008e 18       		.uleb128 0x18
 1204 008f 9142     		.uleb128 0x2111
 1205 0091 18       		.uleb128 0x18
 1206 0092 00       		.byte	0
 1207 0093 00       		.byte	0
 1208 0094 0B       		.uleb128 0xb
 1209 0095 898201   		.uleb128 0x4109
 1210 0098 01       		.byte	0x1
 1211 0099 11       		.uleb128 0x11
 1212 009a 01       		.uleb128 0x1
 1213 009b 31       		.uleb128 0x31
 1214 009c 13       		.uleb128 0x13
 1215 009d 00       		.byte	0
 1216 009e 00       		.byte	0
 1217 009f 0C       		.uleb128 0xc
 1218 00a0 01       		.uleb128 0x1
 1219 00a1 01       		.byte	0x1
 1220 00a2 49       		.uleb128 0x49
 1221 00a3 13       		.uleb128 0x13
 1222 00a4 01       		.uleb128 0x1
 1223 00a5 13       		.uleb128 0x13
 1224 00a6 00       		.byte	0
ARM GAS  C:\Users\noryp\AppData\Local\Temp\ccvbQuxv.s 			page 25


 1225 00a7 00       		.byte	0
 1226 00a8 0D       		.uleb128 0xd
 1227 00a9 21       		.uleb128 0x21
 1228 00aa 00       		.byte	0
 1229 00ab 49       		.uleb128 0x49
 1230 00ac 13       		.uleb128 0x13
 1231 00ad 2F       		.uleb128 0x2f
 1232 00ae 0B       		.uleb128 0xb
 1233 00af 00       		.byte	0
 1234 00b0 00       		.byte	0
 1235 00b1 0E       		.uleb128 0xe
 1236 00b2 34       		.uleb128 0x34
 1237 00b3 00       		.byte	0
 1238 00b4 03       		.uleb128 0x3
 1239 00b5 08       		.uleb128 0x8
 1240 00b6 3A       		.uleb128 0x3a
 1241 00b7 0B       		.uleb128 0xb
 1242 00b8 3B       		.uleb128 0x3b
 1243 00b9 0B       		.uleb128 0xb
 1244 00ba 49       		.uleb128 0x49
 1245 00bb 13       		.uleb128 0x13
 1246 00bc 02       		.uleb128 0x2
 1247 00bd 17       		.uleb128 0x17
 1248 00be 00       		.byte	0
 1249 00bf 00       		.byte	0
 1250 00c0 0F       		.uleb128 0xf
 1251 00c1 898201   		.uleb128 0x4109
 1252 00c4 00       		.byte	0
 1253 00c5 11       		.uleb128 0x11
 1254 00c6 01       		.uleb128 0x1
 1255 00c7 31       		.uleb128 0x31
 1256 00c8 13       		.uleb128 0x13
 1257 00c9 00       		.byte	0
 1258 00ca 00       		.byte	0
 1259 00cb 10       		.uleb128 0x10
 1260 00cc 2E       		.uleb128 0x2e
 1261 00cd 01       		.byte	0x1
 1262 00ce 3F       		.uleb128 0x3f
 1263 00cf 19       		.uleb128 0x19
 1264 00d0 03       		.uleb128 0x3
 1265 00d1 0E       		.uleb128 0xe
 1266 00d2 3A       		.uleb128 0x3a
 1267 00d3 0B       		.uleb128 0xb
 1268 00d4 3B       		.uleb128 0x3b
 1269 00d5 0B       		.uleb128 0xb
 1270 00d6 27       		.uleb128 0x27
 1271 00d7 19       		.uleb128 0x19
 1272 00d8 49       		.uleb128 0x49
 1273 00d9 13       		.uleb128 0x13
 1274 00da 8701     		.uleb128 0x87
 1275 00dc 19       		.uleb128 0x19
 1276 00dd 11       		.uleb128 0x11
 1277 00de 01       		.uleb128 0x1
 1278 00df 12       		.uleb128 0x12
 1279 00e0 06       		.uleb128 0x6
 1280 00e1 40       		.uleb128 0x40
 1281 00e2 18       		.uleb128 0x18
ARM GAS  C:\Users\noryp\AppData\Local\Temp\ccvbQuxv.s 			page 26


 1282 00e3 9742     		.uleb128 0x2117
 1283 00e5 19       		.uleb128 0x19
 1284 00e6 01       		.uleb128 0x1
 1285 00e7 13       		.uleb128 0x13
 1286 00e8 00       		.byte	0
 1287 00e9 00       		.byte	0
 1288 00ea 11       		.uleb128 0x11
 1289 00eb 0B       		.uleb128 0xb
 1290 00ec 01       		.byte	0x1
 1291 00ed 11       		.uleb128 0x11
 1292 00ee 01       		.uleb128 0x1
 1293 00ef 12       		.uleb128 0x12
 1294 00f0 06       		.uleb128 0x6
 1295 00f1 01       		.uleb128 0x1
 1296 00f2 13       		.uleb128 0x13
 1297 00f3 00       		.byte	0
 1298 00f4 00       		.byte	0
 1299 00f5 12       		.uleb128 0x12
 1300 00f6 0B       		.uleb128 0xb
 1301 00f7 01       		.byte	0x1
 1302 00f8 11       		.uleb128 0x11
 1303 00f9 01       		.uleb128 0x1
 1304 00fa 12       		.uleb128 0x12
 1305 00fb 06       		.uleb128 0x6
 1306 00fc 00       		.byte	0
 1307 00fd 00       		.byte	0
 1308 00fe 13       		.uleb128 0x13
 1309 00ff 34       		.uleb128 0x34
 1310 0100 00       		.byte	0
 1311 0101 03       		.uleb128 0x3
 1312 0102 0E       		.uleb128 0xe
 1313 0103 3A       		.uleb128 0x3a
 1314 0104 0B       		.uleb128 0xb
 1315 0105 3B       		.uleb128 0x3b
 1316 0106 0B       		.uleb128 0xb
 1317 0107 49       		.uleb128 0x49
 1318 0108 13       		.uleb128 0x13
 1319 0109 02       		.uleb128 0x2
 1320 010a 17       		.uleb128 0x17
 1321 010b 00       		.byte	0
 1322 010c 00       		.byte	0
 1323 010d 14       		.uleb128 0x14
 1324 010e 34       		.uleb128 0x34
 1325 010f 00       		.byte	0
 1326 0110 03       		.uleb128 0x3
 1327 0111 0E       		.uleb128 0xe
 1328 0112 3A       		.uleb128 0x3a
 1329 0113 0B       		.uleb128 0xb
 1330 0114 3B       		.uleb128 0x3b
 1331 0115 05       		.uleb128 0x5
 1332 0116 49       		.uleb128 0x49
 1333 0117 13       		.uleb128 0x13
 1334 0118 3F       		.uleb128 0x3f
 1335 0119 19       		.uleb128 0x19
 1336 011a 3C       		.uleb128 0x3c
 1337 011b 19       		.uleb128 0x19
 1338 011c 00       		.byte	0
ARM GAS  C:\Users\noryp\AppData\Local\Temp\ccvbQuxv.s 			page 27


 1339 011d 00       		.byte	0
 1340 011e 15       		.uleb128 0x15
 1341 011f 35       		.uleb128 0x35
 1342 0120 00       		.byte	0
 1343 0121 49       		.uleb128 0x49
 1344 0122 13       		.uleb128 0x13
 1345 0123 00       		.byte	0
 1346 0124 00       		.byte	0
 1347 0125 16       		.uleb128 0x16
 1348 0126 34       		.uleb128 0x34
 1349 0127 00       		.byte	0
 1350 0128 03       		.uleb128 0x3
 1351 0129 0E       		.uleb128 0xe
 1352 012a 3A       		.uleb128 0x3a
 1353 012b 0B       		.uleb128 0xb
 1354 012c 3B       		.uleb128 0x3b
 1355 012d 0B       		.uleb128 0xb
 1356 012e 49       		.uleb128 0x49
 1357 012f 13       		.uleb128 0x13
 1358 0130 3F       		.uleb128 0x3f
 1359 0131 19       		.uleb128 0x19
 1360 0132 02       		.uleb128 0x2
 1361 0133 18       		.uleb128 0x18
 1362 0134 00       		.byte	0
 1363 0135 00       		.byte	0
 1364 0136 17       		.uleb128 0x17
 1365 0137 34       		.uleb128 0x34
 1366 0138 00       		.byte	0
 1367 0139 03       		.uleb128 0x3
 1368 013a 08       		.uleb128 0x8
 1369 013b 3A       		.uleb128 0x3a
 1370 013c 0B       		.uleb128 0xb
 1371 013d 3B       		.uleb128 0x3b
 1372 013e 0B       		.uleb128 0xb
 1373 013f 49       		.uleb128 0x49
 1374 0140 13       		.uleb128 0x13
 1375 0141 3F       		.uleb128 0x3f
 1376 0142 19       		.uleb128 0x19
 1377 0143 02       		.uleb128 0x2
 1378 0144 18       		.uleb128 0x18
 1379 0145 00       		.byte	0
 1380 0146 00       		.byte	0
 1381 0147 18       		.uleb128 0x18
 1382 0148 2E       		.uleb128 0x2e
 1383 0149 00       		.byte	0
 1384 014a 3F       		.uleb128 0x3f
 1385 014b 19       		.uleb128 0x19
 1386 014c 3C       		.uleb128 0x3c
 1387 014d 19       		.uleb128 0x19
 1388 014e 6E       		.uleb128 0x6e
 1389 014f 0E       		.uleb128 0xe
 1390 0150 03       		.uleb128 0x3
 1391 0151 0E       		.uleb128 0xe
 1392 0152 3A       		.uleb128 0x3a
 1393 0153 0B       		.uleb128 0xb
 1394 0154 3B       		.uleb128 0x3b
 1395 0155 0B       		.uleb128 0xb
ARM GAS  C:\Users\noryp\AppData\Local\Temp\ccvbQuxv.s 			page 28


 1396 0156 00       		.byte	0
 1397 0157 00       		.byte	0
 1398 0158 00       		.byte	0
 1399              		.section	.debug_loc,"",%progbits
 1400              	.Ldebug_loc0:
 1401              	.LLST0:
 1402 0000 00000000 		.4byte	.LVL0
 1403 0004 0A000000 		.4byte	.LVL1
 1404 0008 0100     		.2byte	0x1
 1405 000a 50       		.byte	0x50
 1406 000b 0A000000 		.4byte	.LVL1
 1407 000f 0D000000 		.4byte	.LVL2-1
 1408 0013 0100     		.2byte	0x1
 1409 0015 52       		.byte	0x52
 1410 0016 0D000000 		.4byte	.LVL2-1
 1411 001a 20000000 		.4byte	.LFE64
 1412 001e 0400     		.2byte	0x4
 1413 0020 F3       		.byte	0xf3
 1414 0021 01       		.uleb128 0x1
 1415 0022 50       		.byte	0x50
 1416 0023 9F       		.byte	0x9f
 1417 0024 00000000 		.4byte	0
 1418 0028 00000000 		.4byte	0
 1419              	.LLST1:
 1420 002c 02000000 		.4byte	.LVL4
 1421 0030 06000000 		.4byte	.LVL5
 1422 0034 0200     		.2byte	0x2
 1423 0036 30       		.byte	0x30
 1424 0037 9F       		.byte	0x9f
 1425 0038 06000000 		.4byte	.LVL5
 1426 003c 28000000 		.4byte	.LVL10
 1427 0040 0100     		.2byte	0x1
 1428 0042 54       		.byte	0x54
 1429 0043 2A000000 		.4byte	.LVL11
 1430 0047 30000000 		.4byte	.LVL12
 1431 004b 0100     		.2byte	0x1
 1432 004d 54       		.byte	0x54
 1433 004e 00000000 		.4byte	0
 1434 0052 00000000 		.4byte	0
 1435              	.LLST2:
 1436 0056 3A000000 		.4byte	.LVL24
 1437 005a F6000000 		.4byte	.LVL47
 1438 005e 0100     		.2byte	0x1
 1439 0060 55       		.byte	0x55
 1440 0061 F8000000 		.4byte	.LVL48
 1441 0065 FA000000 		.4byte	.LVL49
 1442 0069 0100     		.2byte	0x1
 1443 006b 55       		.byte	0x55
 1444 006c FC000000 		.4byte	.LVL50
 1445 0070 06010000 		.4byte	.LVL51
 1446 0074 0100     		.2byte	0x1
 1447 0076 55       		.byte	0x55
 1448 0077 00000000 		.4byte	0
 1449 007b 00000000 		.4byte	0
 1450              	.LLST3:
 1451 007f B4000000 		.4byte	.LVL36
 1452 0083 FA000000 		.4byte	.LVL49
ARM GAS  C:\Users\noryp\AppData\Local\Temp\ccvbQuxv.s 			page 29


 1453 0087 0100     		.2byte	0x1
 1454 0089 54       		.byte	0x54
 1455 008a 00000000 		.4byte	0
 1456 008e 00000000 		.4byte	0
 1457              		.section	.debug_aranges,"",%progbits
 1458 0000 2C000000 		.4byte	0x2c
 1459 0004 0200     		.2byte	0x2
 1460 0006 00000000 		.4byte	.Ldebug_info0
 1461 000a 04       		.byte	0x4
 1462 000b 00       		.byte	0
 1463 000c 0000     		.2byte	0
 1464 000e 0000     		.2byte	0
 1465 0010 00000000 		.4byte	.LFB64
 1466 0014 20000000 		.4byte	.LFE64-.LFB64
 1467 0018 00000000 		.4byte	.LFB65
 1468 001c 58000000 		.4byte	.LFE65-.LFB65
 1469 0020 00000000 		.4byte	.LFB66
 1470 0024 40010000 		.4byte	.LFE66-.LFB66
 1471 0028 00000000 		.4byte	0
 1472 002c 00000000 		.4byte	0
 1473              		.section	.debug_ranges,"",%progbits
 1474              	.Ldebug_ranges0:
 1475 0000 00000000 		.4byte	.LFB64
 1476 0004 20000000 		.4byte	.LFE64
 1477 0008 00000000 		.4byte	.LFB65
 1478 000c 58000000 		.4byte	.LFE65
 1479 0010 00000000 		.4byte	.LFB66
 1480 0014 40010000 		.4byte	.LFE66
 1481 0018 00000000 		.4byte	0
 1482 001c 00000000 		.4byte	0
 1483              		.section	.debug_line,"",%progbits
 1484              	.Ldebug_line0:
 1485 0000 13030000 		.section	.debug_str,"MS",%progbits,1
 1485      02002202 
 1485      00000201 
 1485      FB0E0D00 
 1485      01010101 
 1486              	.LASF9:
 1487 0000 5F5F696E 		.ascii	"__int32_t\000"
 1487      7433325F 
 1487      7400
 1488              	.LASF38:
 1489 000a 54696D65 		.ascii	"Timer_ReadCounter\000"
 1489      725F5265 
 1489      6164436F 
 1489      756E7465 
 1489      7200
 1490              	.LASF22:
 1491 001c 72657370 		.ascii	"responseTime\000"
 1491      6F6E7365 
 1491      54696D65 
 1491      00
 1492              	.LASF15:
 1493 0029 646F7562 		.ascii	"double\000"
 1493      6C6500
 1494              	.LASF11:
 1495 0030 75696E74 		.ascii	"uint8\000"
ARM GAS  C:\Users\noryp\AppData\Local\Temp\ccvbQuxv.s 			page 30


 1495      3800
 1496              	.LASF34:
 1497 0036 4144435F 		.ascii	"ADC_GetResult16\000"
 1497      47657452 
 1497      6573756C 
 1497      74313600 
 1498              	.LASF19:
 1499 0046 55415254 		.ascii	"UART_PutNumber\000"
 1499      5F507574 
 1499      4E756D62 
 1499      657200
 1500              	.LASF14:
 1501 0055 666C6F61 		.ascii	"float\000"
 1501      7400
 1502              	.LASF37:
 1503 005b 53746172 		.ascii	"StartTimePin_Write\000"
 1503      7454696D 
 1503      6550696E 
 1503      5F577269 
 1503      746500
 1504              	.LASF26:
 1505 006e 62617369 		.ascii	"basis\000"
 1505      7300
 1506              	.LASF1:
 1507 0074 756E7369 		.ascii	"unsigned char\000"
 1507      676E6564 
 1507      20636861 
 1507      7200
 1508              	.LASF46:
 1509 0082 474E5520 		.ascii	"GNU C11 5.4.1 20160609 (release) [ARM/embedded-5-br"
 1509      43313120 
 1509      352E342E 
 1509      31203230 
 1509      31363036 
 1510 00b5 616E6368 		.ascii	"anch revision 237715] -mcpu=cortex-m3 -mthumb -g -O"
 1510      20726576 
 1510      6973696F 
 1510      6E203233 
 1510      37373135 
 1511 00e8 67202D66 		.ascii	"g -ffunction-sections -ffat-lto-objects\000"
 1511      66756E63 
 1511      74696F6E 
 1511      2D736563 
 1511      74696F6E 
 1512              	.LASF32:
 1513 0110 4144435F 		.ascii	"ADC_StartConvert\000"
 1513      53746172 
 1513      74436F6E 
 1513      76657274 
 1513      00
 1514              	.LASF33:
 1515 0121 4144435F 		.ascii	"ADC_IsEndConversion\000"
 1515      4973456E 
 1515      64436F6E 
 1515      76657273 
 1515      696F6E00 
 1516              	.LASF28:
ARM GAS  C:\Users\noryp\AppData\Local\Temp\ccvbQuxv.s 			page 31


 1517 0135 656E6454 		.ascii	"endTime\000"
 1517      696D6500 
 1518              	.LASF45:
 1519 013d 55415254 		.ascii	"UART_Start\000"
 1519      5F537461 
 1519      727400
 1520              	.LASF39:
 1521 0148 466C6167 		.ascii	"FlagPin_Write\000"
 1521      50696E5F 
 1521      57726974 
 1521      6500
 1522              	.LASF40:
 1523 0156 64657465 		.ascii	"detectingLED_Read\000"
 1523      6374696E 
 1523      674C4544 
 1523      5F526561 
 1523      6400
 1524              	.LASF5:
 1525 0168 6C6F6E67 		.ascii	"long unsigned int\000"
 1525      20756E73 
 1525      69676E65 
 1525      6420696E 
 1525      7400
 1526              	.LASF44:
 1527 017a 64657465 		.ascii	"detectingLED_Write\000"
 1527      6374696E 
 1527      674C4544 
 1527      5F577269 
 1527      746500
 1528              	.LASF3:
 1529 018d 73686F72 		.ascii	"short unsigned int\000"
 1529      7420756E 
 1529      7369676E 
 1529      65642069 
 1529      6E7400
 1530              	.LASF12:
 1531 01a0 75696E74 		.ascii	"uint16\000"
 1531      313600
 1532              	.LASF13:
 1533 01a7 75696E74 		.ascii	"uint32\000"
 1533      333200
 1534              	.LASF50:
 1535 01ae 6D61696E 		.ascii	"main\000"
 1535      00
 1536              	.LASF43:
 1537 01b3 54696D65 		.ascii	"Timer_Start\000"
 1537      725F5374 
 1537      61727400 
 1538              	.LASF8:
 1539 01bf 756E7369 		.ascii	"unsigned int\000"
 1539      676E6564 
 1539      20696E74 
 1539      00
 1540              	.LASF7:
 1541 01cc 6C6F6E67 		.ascii	"long long unsigned int\000"
 1541      206C6F6E 
 1541      6720756E 
ARM GAS  C:\Users\noryp\AppData\Local\Temp\ccvbQuxv.s 			page 32


 1541      7369676E 
 1541      65642069 
 1542              	.LASF36:
 1543 01e3 50574D5F 		.ascii	"PWM_WriteCompare1\000"
 1543      57726974 
 1543      65436F6D 
 1543      70617265 
 1543      3100
 1544              	.LASF48:
 1545 01f5 433A5C55 		.ascii	"C:\\Users\\noryp\\OneDrive\\Documents\\PSoC Creator"
 1545      73657273 
 1545      5C6E6F72 
 1545      79705C4F 
 1545      6E654472 
 1546 0223 5C506172 		.ascii	"\\PartIVProject\\ForwardBias.cydsn\000"
 1546      74495650 
 1546      726F6A65 
 1546      63745C46 
 1546      6F727761 
 1547              	.LASF42:
 1548 0244 4144435F 		.ascii	"ADC_Start\000"
 1548      53746172 
 1548      7400
 1549              	.LASF4:
 1550 024e 6C6F6E67 		.ascii	"long int\000"
 1550      20696E74 
 1550      00
 1551              	.LASF23:
 1552 0257 49544D5F 		.ascii	"ITM_RxBuffer\000"
 1552      52784275 
 1552      66666572 
 1552      00
 1553              	.LASF49:
 1554 0264 6E756D62 		.ascii	"number\000"
 1554      657200
 1555              	.LASF10:
 1556 026b 696E7433 		.ascii	"int32_t\000"
 1556      325F7400 
 1557              	.LASF18:
 1558 0273 73697A65 		.ascii	"sizetype\000"
 1558      74797065 
 1558      00
 1559              	.LASF24:
 1560 027c 73656E73 		.ascii	"sens\000"
 1560      00
 1561              	.LASF29:
 1562 0281 65786563 		.ascii	"executeFlag\000"
 1562      75746546 
 1562      6C616700 
 1563              	.LASF6:
 1564 028d 6C6F6E67 		.ascii	"long long int\000"
 1564      206C6F6E 
 1564      6720696E 
 1564      7400
 1565              	.LASF47:
 1566 029b 6D61696E 		.ascii	"main.c\000"
 1566      2E6300
ARM GAS  C:\Users\noryp\AppData\Local\Temp\ccvbQuxv.s 			page 33


 1567              	.LASF16:
 1568 02a2 63686172 		.ascii	"char\000"
 1568      00
 1569              	.LASF2:
 1570 02a7 73686F72 		.ascii	"short int\000"
 1570      7420696E 
 1570      7400
 1571              	.LASF27:
 1572 02b1 73746172 		.ascii	"startTime\000"
 1572      7454696D 
 1572      6500
 1573              	.LASF21:
 1574 02bb 62756666 		.ascii	"buffer\000"
 1574      657200
 1575              	.LASF41:
 1576 02c2 50574D5F 		.ascii	"PWM_Start\000"
 1576      53746172 
 1576      7400
 1577              	.LASF25:
 1578 02cc 746F7461 		.ascii	"total\000"
 1578      6C00
 1579              	.LASF20:
 1580 02d2 43616C69 		.ascii	"Calibration\000"
 1580      62726174 
 1580      696F6E00 
 1581              	.LASF17:
 1582 02de 6C6F6E67 		.ascii	"long double\000"
 1582      20646F75 
 1582      626C6500 
 1583              	.LASF0:
 1584 02ea 7369676E 		.ascii	"signed char\000"
 1584      65642063 
 1584      68617200 
 1585              	.LASF31:
 1586 02f6 55415254 		.ascii	"UART_PutString\000"
 1586      5F507574 
 1586      53747269 
 1586      6E6700
 1587              	.LASF30:
 1588 0305 73707269 		.ascii	"sprintf\000"
 1588      6E746600 
 1589              	.LASF35:
 1590 030d 43794465 		.ascii	"CyDelay\000"
 1590      6C617900 
 1591              		.ident	"GCC: (GNU Tools for ARM Embedded Processors) 5.4.1 20160609 (release) [ARM/embedded-5-bran
